Exception on /awd [GET]
Traceback (most recent call last):
  File "/usr/lib/python3.9/site-packages/flask/app.py", line 2447, in wsgi_app
    response = self.full_dispatch_request()
  File "/usr/lib/python3.9/site-packages/flask/app.py", line 1952, in full_dispatch_request
    rv = self.handle_user_exception(e)
  File "/usr/lib/python3.9/site-packages/flask/app.py", line 1821, in handle_user_exception
    reraise(exc_type, exc_value, tb)
  File "/usr/lib/python3.9/site-packages/flask/_compat.py", line 39, in reraise
    raise value
  File "/usr/lib/python3.9/site-packages/flask/app.py", line 1950, in full_dispatch_request
    rv = self.dispatch_request()
  File "/usr/lib/python3.9/site-packages/flask/app.py", line 1936, in dispatch_request
    return self.view_functions[rule.endpoint](**req.view_args)
  File "/home/hsm/PycharmProjects/jjuctf/app.py", line 304, in awd
    return render_template("user/awd.html", username=user, headerType="awd", groupInfo=groupInfo,
  File "/usr/lib/python3.9/site-packages/flask/templating.py", line 138, in render_template
    ctx.app.jinja_env.get_or_select_template(template_name_or_list),
  File "/usr/lib/python3.9/site-packages/jinja2/environment.py", line 930, in get_or_select_template
    return self.get_template(template_name_or_list, parent, globals)
  File "/usr/lib/python3.9/site-packages/jinja2/environment.py", line 883, in get_template
    return self._load_template(name, self.make_globals(globals))
  File "/usr/lib/python3.9/site-packages/jinja2/environment.py", line 857, in _load_template
    template = self.loader.load(self, name, globals)
  File "/usr/lib/python3.9/site-packages/jinja2/loaders.py", line 127, in load
    code = environment.compile(source, name, filename)
  File "/usr/lib/python3.9/site-packages/jinja2/environment.py", line 638, in compile
    self.handle_exception(source=source_hint)
  File "/usr/lib/python3.9/site-packages/jinja2/environment.py", line 832, in handle_exception
    reraise(*rewrite_traceback_stack(source=source))
  File "/usr/lib/python3.9/site-packages/jinja2/_compat.py", line 28, in reraise
    raise value.with_traceback(tb)
  File "/home/hsm/PycharmProjects/jjuctf/templates/user/awd.html", line 264, in template
    {% num +=1 %}
jinja2.exceptions.TemplateSyntaxError: Encountered unknown tag 'num'. Jinja was looking for the following tags: 'endfor' or 'else'. The innermost block that needs to be closed is 'for'.
Exception on /awd [GET]
Traceback (most recent call last):
  File "/usr/lib/python3.9/site-packages/flask/app.py", line 2447, in wsgi_app
    response = self.full_dispatch_request()
  File "/usr/lib/python3.9/site-packages/flask/app.py", line 1952, in full_dispatch_request
    rv = self.handle_user_exception(e)
  File "/usr/lib/python3.9/site-packages/flask/app.py", line 1821, in handle_user_exception
    reraise(exc_type, exc_value, tb)
  File "/usr/lib/python3.9/site-packages/flask/_compat.py", line 39, in reraise
    raise value
  File "/usr/lib/python3.9/site-packages/flask/app.py", line 1950, in full_dispatch_request
    rv = self.dispatch_request()
  File "/usr/lib/python3.9/site-packages/flask/app.py", line 1936, in dispatch_request
    return self.view_functions[rule.endpoint](**req.view_args)
  File "/home/hsm/PycharmProjects/jjuctf/app.py", line 304, in awd
    return render_template("user/awd.html", username=user, headerType="awd", groupInfo=groupInfo,
  File "/usr/lib/python3.9/site-packages/flask/templating.py", line 138, in render_template
    ctx.app.jinja_env.get_or_select_template(template_name_or_list),
  File "/usr/lib/python3.9/site-packages/jinja2/environment.py", line 930, in get_or_select_template
    return self.get_template(template_name_or_list, parent, globals)
  File "/usr/lib/python3.9/site-packages/jinja2/environment.py", line 883, in get_template
    return self._load_template(name, self.make_globals(globals))
  File "/usr/lib/python3.9/site-packages/jinja2/environment.py", line 857, in _load_template
    template = self.loader.load(self, name, globals)
  File "/usr/lib/python3.9/site-packages/jinja2/loaders.py", line 127, in load
    code = environment.compile(source, name, filename)
  File "/usr/lib/python3.9/site-packages/jinja2/environment.py", line 638, in compile
    self.handle_exception(source=source_hint)
  File "/usr/lib/python3.9/site-packages/jinja2/environment.py", line 832, in handle_exception
    reraise(*rewrite_traceback_stack(source=source))
  File "/usr/lib/python3.9/site-packages/jinja2/_compat.py", line 28, in reraise
    raise value.with_traceback(tb)
  File "/home/hsm/PycharmProjects/jjuctf/templates/user/awd.html", line 264, in template
    {% num +=1 %}
jinja2.exceptions.TemplateSyntaxError: Encountered unknown tag 'num'. Jinja was looking for the following tags: 'endfor' or 'else'. The innermost block that needs to be closed is 'for'.
Exception on /man_awd_instance [GET]
Traceback (most recent call last):
  File "/usr/lib/python3.9/site-packages/flask/app.py", line 2447, in wsgi_app
    response = self.full_dispatch_request()
  File "/usr/lib/python3.9/site-packages/flask/app.py", line 1953, in full_dispatch_request
    return self.finalize_request(rv)
  File "/usr/lib/python3.9/site-packages/flask/app.py", line 1968, in finalize_request
    response = self.make_response(rv)
  File "/usr/lib/python3.9/site-packages/flask/app.py", line 2097, in make_response
    raise TypeError(
TypeError: The view function did not return a valid response. The function either returned None or ended without a return statement.
Exception on /man_awd_instance [GET]
Traceback (most recent call last):
  File "/usr/lib/python3.9/site-packages/flask/app.py", line 2447, in wsgi_app
    response = self.full_dispatch_request()
  File "/usr/lib/python3.9/site-packages/flask/app.py", line 1953, in full_dispatch_request
    return self.finalize_request(rv)
  File "/usr/lib/python3.9/site-packages/flask/app.py", line 1968, in finalize_request
    response = self.make_response(rv)
  File "/usr/lib/python3.9/site-packages/flask/app.py", line 2097, in make_response
    raise TypeError(
TypeError: The view function did not return a valid response. The function either returned None or ended without a return statement.
Exception on /man_awd_instance [GET]
Traceback (most recent call last):
  File "/usr/lib/python3.9/site-packages/flask/app.py", line 2447, in wsgi_app
    response = self.full_dispatch_request()
  File "/usr/lib/python3.9/site-packages/flask/app.py", line 1953, in full_dispatch_request
    return self.finalize_request(rv)
  File "/usr/lib/python3.9/site-packages/flask/app.py", line 1968, in finalize_request
    response = self.make_response(rv)
  File "/usr/lib/python3.9/site-packages/flask/app.py", line 2097, in make_response
    raise TypeError(
TypeError: The view function did not return a valid response. The function either returned None or ended without a return statement.
Exception on /man_awd_instance [GET]
Traceback (most recent call last):
  File "/usr/lib/python3.9/site-packages/flask/app.py", line 2447, in wsgi_app
    response = self.full_dispatch_request()
  File "/usr/lib/python3.9/site-packages/flask/app.py", line 1953, in full_dispatch_request
    return self.finalize_request(rv)
  File "/usr/lib/python3.9/site-packages/flask/app.py", line 1968, in finalize_request
    response = self.make_response(rv)
  File "/usr/lib/python3.9/site-packages/flask/app.py", line 2097, in make_response
    raise TypeError(
TypeError: The view function did not return a valid response. The function either returned None or ended without a return statement.
Exception on /man_awd_instance_detail [GET]
Traceback (most recent call last):
  File "/usr/lib/python3.9/site-packages/flask/app.py", line 2447, in wsgi_app
    response = self.full_dispatch_request()
  File "/usr/lib/python3.9/site-packages/flask/app.py", line 1953, in full_dispatch_request
    return self.finalize_request(rv)
  File "/usr/lib/python3.9/site-packages/flask/app.py", line 1968, in finalize_request
    response = self.make_response(rv)
  File "/usr/lib/python3.9/site-packages/flask/app.py", line 2097, in make_response
    raise TypeError(
TypeError: The view function did not return a valid response. The function either returned None or ended without a return statement.
Exception on /man_awd_instance_detail [GET]
Traceback (most recent call last):
  File "/usr/lib/python3.9/site-packages/flask/app.py", line 2447, in wsgi_app
    response = self.full_dispatch_request()
  File "/usr/lib/python3.9/site-packages/flask/app.py", line 1953, in full_dispatch_request
    return self.finalize_request(rv)
  File "/usr/lib/python3.9/site-packages/flask/app.py", line 1968, in finalize_request
    response = self.make_response(rv)
  File "/usr/lib/python3.9/site-packages/flask/app.py", line 2097, in make_response
    raise TypeError(
TypeError: The view function did not return a valid response. The function either returned None or ended without a return statement.
Exception on /man_awd_exam_detail [GET]
Traceback (most recent call last):
  File "/usr/lib/python3.9/site-packages/flask/app.py", line 2447, in wsgi_app
    response = self.full_dispatch_request()
  File "/usr/lib/python3.9/site-packages/flask/app.py", line 1953, in full_dispatch_request
    return self.finalize_request(rv)
  File "/usr/lib/python3.9/site-packages/flask/app.py", line 1968, in finalize_request
    response = self.make_response(rv)
  File "/usr/lib/python3.9/site-packages/flask/app.py", line 2097, in make_response
    raise TypeError(
TypeError: The view function did not return a valid response. The function either returned None or ended without a return statement.
Exception on /man_awd_exam_detail [GET]
Traceback (most recent call last):
  File "/usr/lib/python3.9/site-packages/flask/app.py", line 2447, in wsgi_app
    response = self.full_dispatch_request()
  File "/usr/lib/python3.9/site-packages/flask/app.py", line 1952, in full_dispatch_request
    rv = self.handle_user_exception(e)
  File "/usr/lib/python3.9/site-packages/flask/app.py", line 1821, in handle_user_exception
    reraise(exc_type, exc_value, tb)
  File "/usr/lib/python3.9/site-packages/flask/_compat.py", line 39, in reraise
    raise value
  File "/usr/lib/python3.9/site-packages/flask/app.py", line 1950, in full_dispatch_request
    rv = self.dispatch_request()
  File "/usr/lib/python3.9/site-packages/flask/app.py", line 1936, in dispatch_request
    return self.view_functions[rule.endpoint](**req.view_args)
  File "/home/hsm/PycharmProjects/jjuctf/app.py", line 1621, in man_awd_exam_detail
    return  render_template('admin/man_awd_exam_detail.html')
  File "/usr/lib/python3.9/site-packages/flask/templating.py", line 137, in render_template
    return _render(
  File "/usr/lib/python3.9/site-packages/flask/templating.py", line 120, in _render
    rv = template.render(context)
  File "/usr/lib/python3.9/site-packages/jinja2/environment.py", line 1090, in render
    self.environment.handle_exception()
  File "/usr/lib/python3.9/site-packages/jinja2/environment.py", line 832, in handle_exception
    reraise(*rewrite_traceback_stack(source=source))
  File "/usr/lib/python3.9/site-packages/jinja2/_compat.py", line 28, in reraise
    raise value.with_traceback(tb)
  File "/home/hsm/PycharmProjects/jjuctf/templates/admin/man_awd_exam_detail.html", line 22, in top-level template code
    <td>{{ instance_detail[0] }}</td>
  File "/usr/lib/python3.9/site-packages/jinja2/environment.py", line 452, in getitem
    return obj[argument]
jinja2.exceptions.UndefinedError: 'instance_detail' is undefined
Exception on /man_awd_exam_detail [GET]
Traceback (most recent call last):
  File "/usr/lib/python3.9/site-packages/flask/app.py", line 2447, in wsgi_app
    response = self.full_dispatch_request()
  File "/usr/lib/python3.9/site-packages/flask/app.py", line 1952, in full_dispatch_request
    rv = self.handle_user_exception(e)
  File "/usr/lib/python3.9/site-packages/flask/app.py", line 1821, in handle_user_exception
    reraise(exc_type, exc_value, tb)
  File "/usr/lib/python3.9/site-packages/flask/_compat.py", line 39, in reraise
    raise value
  File "/usr/lib/python3.9/site-packages/flask/app.py", line 1950, in full_dispatch_request
    rv = self.dispatch_request()
  File "/usr/lib/python3.9/site-packages/flask/app.py", line 1936, in dispatch_request
    return self.view_functions[rule.endpoint](**req.view_args)
  File "/home/hsm/PycharmProjects/jjuctf/app.py", line 1621, in man_awd_exam_detail
    return  render_template('admin/man_awd_exam_detail.html')
  File "/usr/lib/python3.9/site-packages/flask/templating.py", line 137, in render_template
    return _render(
  File "/usr/lib/python3.9/site-packages/flask/templating.py", line 120, in _render
    rv = template.render(context)
  File "/usr/lib/python3.9/site-packages/jinja2/environment.py", line 1090, in render
    self.environment.handle_exception()
  File "/usr/lib/python3.9/site-packages/jinja2/environment.py", line 832, in handle_exception
    reraise(*rewrite_traceback_stack(source=source))
  File "/usr/lib/python3.9/site-packages/jinja2/_compat.py", line 28, in reraise
    raise value.with_traceback(tb)
  File "/home/hsm/PycharmProjects/jjuctf/templates/admin/man_awd_exam_detail.html", line 22, in top-level template code
    <td>{{ instance_detail[0] }}</td>
  File "/usr/lib/python3.9/site-packages/jinja2/environment.py", line 452, in getitem
    return obj[argument]
jinja2.exceptions.UndefinedError: 'instance_detail' is undefined
Exception on /man_awd_exam_detail [GET]
Traceback (most recent call last):
  File "/usr/lib/python3.9/site-packages/flask/app.py", line 2447, in wsgi_app
    response = self.full_dispatch_request()
  File "/usr/lib/python3.9/site-packages/flask/app.py", line 1952, in full_dispatch_request
    rv = self.handle_user_exception(e)
  File "/usr/lib/python3.9/site-packages/flask/app.py", line 1821, in handle_user_exception
    reraise(exc_type, exc_value, tb)
  File "/usr/lib/python3.9/site-packages/flask/_compat.py", line 39, in reraise
    raise value
  File "/usr/lib/python3.9/site-packages/flask/app.py", line 1950, in full_dispatch_request
    rv = self.dispatch_request()
  File "/usr/lib/python3.9/site-packages/flask/app.py", line 1936, in dispatch_request
    return self.view_functions[rule.endpoint](**req.view_args)
  File "/home/hsm/PycharmProjects/jjuctf/app.py", line 1621, in man_awd_exam_detail
    return  render_template('admin/man_awd_exam_detail.html')
  File "/usr/lib/python3.9/site-packages/flask/templating.py", line 137, in render_template
    return _render(
  File "/usr/lib/python3.9/site-packages/flask/templating.py", line 120, in _render
    rv = template.render(context)
  File "/usr/lib/python3.9/site-packages/jinja2/environment.py", line 1090, in render
    self.environment.handle_exception()
  File "/usr/lib/python3.9/site-packages/jinja2/environment.py", line 832, in handle_exception
    reraise(*rewrite_traceback_stack(source=source))
  File "/usr/lib/python3.9/site-packages/jinja2/_compat.py", line 28, in reraise
    raise value.with_traceback(tb)
  File "/home/hsm/PycharmProjects/jjuctf/templates/admin/man_awd_exam_detail.html", line 22, in top-level template code
    <td>{{ instance_detail[0] }}</td>
  File "/usr/lib/python3.9/site-packages/jinja2/environment.py", line 452, in getitem
    return obj[argument]
jinja2.exceptions.UndefinedError: 'instance_detail' is undefined
Exception on /man_awd_exam_detail [GET]
Traceback (most recent call last):
  File "/usr/lib/python3.9/site-packages/flask/app.py", line 2447, in wsgi_app
    response = self.full_dispatch_request()
  File "/usr/lib/python3.9/site-packages/flask/app.py", line 1952, in full_dispatch_request
    rv = self.handle_user_exception(e)
  File "/usr/lib/python3.9/site-packages/flask/app.py", line 1821, in handle_user_exception
    reraise(exc_type, exc_value, tb)
  File "/usr/lib/python3.9/site-packages/flask/_compat.py", line 39, in reraise
    raise value
  File "/usr/lib/python3.9/site-packages/flask/app.py", line 1950, in full_dispatch_request
    rv = self.dispatch_request()
  File "/usr/lib/python3.9/site-packages/flask/app.py", line 1936, in dispatch_request
    return self.view_functions[rule.endpoint](**req.view_args)
  File "/home/hsm/PycharmProjects/jjuctf/app.py", line 1621, in man_awd_exam_detail
    return  render_template('admin/man_awd_exam_detail.html')
  File "/usr/lib/python3.9/site-packages/flask/templating.py", line 137, in render_template
    return _render(
  File "/usr/lib/python3.9/site-packages/flask/templating.py", line 120, in _render
    rv = template.render(context)
  File "/usr/lib/python3.9/site-packages/jinja2/environment.py", line 1090, in render
    self.environment.handle_exception()
  File "/usr/lib/python3.9/site-packages/jinja2/environment.py", line 832, in handle_exception
    reraise(*rewrite_traceback_stack(source=source))
  File "/usr/lib/python3.9/site-packages/jinja2/_compat.py", line 28, in reraise
    raise value.with_traceback(tb)
  File "/home/hsm/PycharmProjects/jjuctf/templates/admin/man_awd_exam_detail.html", line 22, in top-level template code
    <td>{{ instance_detail[0] }}</td>
  File "/usr/lib/python3.9/site-packages/jinja2/environment.py", line 452, in getitem
    return obj[argument]
jinja2.exceptions.UndefinedError: 'instance_detail' is undefined
Exception on /login [POST]
Traceback (most recent call last):
  File "/home/hsm/.local/lib/python3.9/site-packages/pymysql/connections.py", line 569, in connect
    sock = socket.create_connection(
  File "/usr/lib/python3.9/socket.py", line 843, in create_connection
    raise err
  File "/usr/lib/python3.9/socket.py", line 831, in create_connection
    sock.connect(sa)
ConnectionRefusedError: [Errno 111] Connection refused

During handling of the above exception, another exception occurred:

Traceback (most recent call last):
  File "/usr/lib/python3.9/site-packages/flask/app.py", line 2447, in wsgi_app
    response = self.full_dispatch_request()
  File "/usr/lib/python3.9/site-packages/flask/app.py", line 1952, in full_dispatch_request
    rv = self.handle_user_exception(e)
  File "/usr/lib/python3.9/site-packages/flask/app.py", line 1821, in handle_user_exception
    reraise(exc_type, exc_value, tb)
  File "/usr/lib/python3.9/site-packages/flask/_compat.py", line 39, in reraise
    raise value
  File "/usr/lib/python3.9/site-packages/flask/app.py", line 1950, in full_dispatch_request
    rv = self.dispatch_request()
  File "/usr/lib/python3.9/site-packages/flask/app.py", line 1936, in dispatch_request
    return self.view_functions[rule.endpoint](**req.view_args)
  File "/home/hsm/PycharmProjects/jjuctf/app.py", line 79, in login
    mysql = Mysqld()
  File "/home/hsm/PycharmProjects/jjuctf/jjuctf/SqlServer.py", line 13, in __init__
    self.conn = pymysql.connect(server, user, password, config.database)  # ËøûÊé•Âà∞jjuctfÊï∞ÊçÆÂ∫ì
  File "/home/hsm/.local/lib/python3.9/site-packages/pymysql/__init__.py", line 94, in Connect
    return Connection(*args, **kwargs)
  File "/home/hsm/.local/lib/python3.9/site-packages/pymysql/connections.py", line 327, in __init__
    self.connect()
  File "/home/hsm/.local/lib/python3.9/site-packages/pymysql/connections.py", line 619, in connect
    raise exc
pymysql.err.OperationalError: (2003, "Can't connect to MySQL server on 'localhost' ([Errno 111] Connection refused)")
Exception on /init_awd_score [POST]
Traceback (most recent call last):
  File "/usr/lib/python3.9/site-packages/flask/app.py", line 2447, in wsgi_app
    response = self.full_dispatch_request()
  File "/usr/lib/python3.9/site-packages/flask/app.py", line 1952, in full_dispatch_request
    rv = self.handle_user_exception(e)
  File "/usr/lib/python3.9/site-packages/flask/app.py", line 1821, in handle_user_exception
    reraise(exc_type, exc_value, tb)
  File "/usr/lib/python3.9/site-packages/flask/_compat.py", line 39, in reraise
    raise value
  File "/usr/lib/python3.9/site-packages/flask/app.py", line 1950, in full_dispatch_request
    rv = self.dispatch_request()
  File "/usr/lib/python3.9/site-packages/flask/app.py", line 1936, in dispatch_request
    return self.view_functions[rule.endpoint](**req.view_args)
  File "/home/hsm/PycharmProjects/jjuctf/app.py", line 1626, in init_awd_score
    return redirect(url_for('/man_awd_exam',message='ÂàùÂßãÂåñÈòü‰ºçÂàÜÊï∞ÊàêÂäüÔºÅ'))
  File "/usr/lib/python3.9/site-packages/flask/helpers.py", line 370, in url_for
    return appctx.app.handle_url_build_error(error, endpoint, values)
  File "/usr/lib/python3.9/site-packages/flask/app.py", line 2216, in handle_url_build_error
    reraise(exc_type, exc_value, tb)
  File "/usr/lib/python3.9/site-packages/flask/_compat.py", line 39, in reraise
    raise value
  File "/usr/lib/python3.9/site-packages/flask/helpers.py", line 357, in url_for
    rv = url_adapter.build(
  File "/usr/lib/python3.9/site-packages/werkzeug/routing.py", line 2179, in build
    raise BuildError(endpoint, values, method, self)
werkzeug.routing.BuildError: Could not build url for endpoint '/man_awd_exam' with values ['message']. Did you mean 'man_awd_exam' instead?
Exception on /man_awd_instance_detail [GET]
Traceback (most recent call last):
  File "/usr/lib/python3.9/site-packages/flask/app.py", line 2447, in wsgi_app
    response = self.full_dispatch_request()
  File "/usr/lib/python3.9/site-packages/flask/app.py", line 1953, in full_dispatch_request
    return self.finalize_request(rv)
  File "/usr/lib/python3.9/site-packages/flask/app.py", line 1968, in finalize_request
    response = self.make_response(rv)
  File "/usr/lib/python3.9/site-packages/flask/app.py", line 2097, in make_response
    raise TypeError(
TypeError: The view function did not return a valid response. The function either returned None or ended without a return statement.
Exception on /man_awd_exam_detail [GET]
Traceback (most recent call last):
  File "/usr/lib/python3.9/site-packages/flask/app.py", line 2447, in wsgi_app
    response = self.full_dispatch_request()
  File "/usr/lib/python3.9/site-packages/flask/app.py", line 1952, in full_dispatch_request
    rv = self.handle_user_exception(e)
  File "/usr/lib/python3.9/site-packages/flask/app.py", line 1821, in handle_user_exception
    reraise(exc_type, exc_value, tb)
  File "/usr/lib/python3.9/site-packages/flask/_compat.py", line 39, in reraise
    raise value
  File "/usr/lib/python3.9/site-packages/flask/app.py", line 1950, in full_dispatch_request
    rv = self.dispatch_request()
  File "/usr/lib/python3.9/site-packages/flask/app.py", line 1936, in dispatch_request
    return self.view_functions[rule.endpoint](**req.view_args)
  File "/home/hsm/PycharmProjects/jjuctf/app.py", line 1613, in man_awd_exam_detail
    id = int(request.args.get('id'))
ValueError: invalid literal for int() with base 10: "20'"
Exception on /man_awd_exam_detail [GET]
Traceback (most recent call last):
  File "/usr/lib/python3.9/site-packages/flask/app.py", line 2447, in wsgi_app
    response = self.full_dispatch_request()
  File "/usr/lib/python3.9/site-packages/flask/app.py", line 1952, in full_dispatch_request
    rv = self.handle_user_exception(e)
  File "/usr/lib/python3.9/site-packages/flask/app.py", line 1821, in handle_user_exception
    reraise(exc_type, exc_value, tb)
  File "/usr/lib/python3.9/site-packages/flask/_compat.py", line 39, in reraise
    raise value
  File "/usr/lib/python3.9/site-packages/flask/app.py", line 1950, in full_dispatch_request
    rv = self.dispatch_request()
  File "/usr/lib/python3.9/site-packages/flask/app.py", line 1936, in dispatch_request
    return self.view_functions[rule.endpoint](**req.view_args)
  File "/home/hsm/PycharmProjects/jjuctf/app.py", line 1613, in man_awd_exam_detail
    id = int(request.args.get('id'))
ValueError: invalid literal for int() with base 10: '20"'
Exception on /man_awd_exam_detail [GET]
Traceback (most recent call last):
  File "/usr/lib/python3.9/site-packages/flask/app.py", line 2447, in wsgi_app
    response = self.full_dispatch_request()
  File "/usr/lib/python3.9/site-packages/flask/app.py", line 1952, in full_dispatch_request
    rv = self.handle_user_exception(e)
  File "/usr/lib/python3.9/site-packages/flask/app.py", line 1821, in handle_user_exception
    reraise(exc_type, exc_value, tb)
  File "/usr/lib/python3.9/site-packages/flask/_compat.py", line 39, in reraise
    raise value
  File "/usr/lib/python3.9/site-packages/flask/app.py", line 1950, in full_dispatch_request
    rv = self.dispatch_request()
  File "/usr/lib/python3.9/site-packages/flask/app.py", line 1936, in dispatch_request
    return self.view_functions[rule.endpoint](**req.view_args)
  File "/home/hsm/PycharmProjects/jjuctf/app.py", line 1613, in man_awd_exam_detail
    id = int(request.args.get('id'))
ValueError: invalid literal for int() with base 10: '20" or 1=1'
Exception on /man_awd_exam_detail [GET]
Traceback (most recent call last):
  File "/usr/lib/python3.9/site-packages/flask/app.py", line 2447, in wsgi_app
    response = self.full_dispatch_request()
  File "/usr/lib/python3.9/site-packages/flask/app.py", line 1953, in full_dispatch_request
    return self.finalize_request(rv)
  File "/usr/lib/python3.9/site-packages/flask/app.py", line 1968, in finalize_request
    response = self.make_response(rv)
  File "/usr/lib/python3.9/site-packages/flask/app.py", line 2097, in make_response
    raise TypeError(
TypeError: The view function did not return a valid response. The function either returned None or ended without a return statement.
Exception on /man_awd_exam_detail [GET]
Traceback (most recent call last):
  File "/usr/lib/python3.9/site-packages/flask/app.py", line 2447, in wsgi_app
    response = self.full_dispatch_request()
  File "/usr/lib/python3.9/site-packages/flask/app.py", line 1953, in full_dispatch_request
    return self.finalize_request(rv)
  File "/usr/lib/python3.9/site-packages/flask/app.py", line 1968, in finalize_request
    response = self.make_response(rv)
  File "/usr/lib/python3.9/site-packages/flask/app.py", line 2097, in make_response
    raise TypeError(
TypeError: The view function did not return a valid response. The function either returned None or ended without a return statement.
Exception on /man_awd_exam_detail [GET]
Traceback (most recent call last):
  File "/usr/lib/python3.9/site-packages/flask/app.py", line 2447, in wsgi_app
    response = self.full_dispatch_request()
  File "/usr/lib/python3.9/site-packages/flask/app.py", line 1953, in full_dispatch_request
    return self.finalize_request(rv)
  File "/usr/lib/python3.9/site-packages/flask/app.py", line 1968, in finalize_request
    response = self.make_response(rv)
  File "/usr/lib/python3.9/site-packages/flask/app.py", line 2097, in make_response
    raise TypeError(
TypeError: The view function did not return a valid response. The function either returned None or ended without a return statement.
Exception on /man_awd_exam_detail [GET]
Traceback (most recent call last):
  File "/usr/lib/python3.9/site-packages/flask/app.py", line 2447, in wsgi_app
    response = self.full_dispatch_request()
  File "/usr/lib/python3.9/site-packages/flask/app.py", line 1953, in full_dispatch_request
    return self.finalize_request(rv)
  File "/usr/lib/python3.9/site-packages/flask/app.py", line 1968, in finalize_request
    response = self.make_response(rv)
  File "/usr/lib/python3.9/site-packages/flask/app.py", line 2097, in make_response
    raise TypeError(
TypeError: The view function did not return a valid response. The function either returned None or ended without a return statement.
Exception on /man_awd_exam_detail [GET]
Traceback (most recent call last):
  File "/usr/lib/python3.9/site-packages/flask/app.py", line 2447, in wsgi_app
    response = self.full_dispatch_request()
  File "/usr/lib/python3.9/site-packages/flask/app.py", line 1953, in full_dispatch_request
    return self.finalize_request(rv)
  File "/usr/lib/python3.9/site-packages/flask/app.py", line 1968, in finalize_request
    response = self.make_response(rv)
  File "/usr/lib/python3.9/site-packages/flask/app.py", line 2097, in make_response
    raise TypeError(
TypeError: The view function did not return a valid response. The function either returned None or ended without a return statement.
Exception on /man_awd_exam_detail [GET]
Traceback (most recent call last):
  File "/usr/lib/python3.9/site-packages/flask/app.py", line 2447, in wsgi_app
    response = self.full_dispatch_request()
  File "/usr/lib/python3.9/site-packages/flask/app.py", line 1953, in full_dispatch_request
    return self.finalize_request(rv)
  File "/usr/lib/python3.9/site-packages/flask/app.py", line 1968, in finalize_request
    response = self.make_response(rv)
  File "/usr/lib/python3.9/site-packages/flask/app.py", line 2097, in make_response
    raise TypeError(
TypeError: The view function did not return a valid response. The function either returned None or ended without a return statement.
Exception on /man_awd_exam_detail [GET]
Traceback (most recent call last):
  File "/usr/lib/python3.9/site-packages/flask/app.py", line 2447, in wsgi_app
    response = self.full_dispatch_request()
  File "/usr/lib/python3.9/site-packages/flask/app.py", line 1953, in full_dispatch_request
    return self.finalize_request(rv)
  File "/usr/lib/python3.9/site-packages/flask/app.py", line 1968, in finalize_request
    response = self.make_response(rv)
  File "/usr/lib/python3.9/site-packages/flask/app.py", line 2097, in make_response
    raise TypeError(
TypeError: The view function did not return a valid response. The function either returned None or ended without a return statement.
Exception on /man_awd_exam_detail [GET]
Traceback (most recent call last):
  File "/usr/lib/python3.9/site-packages/flask/app.py", line 2447, in wsgi_app
    response = self.full_dispatch_request()
  File "/usr/lib/python3.9/site-packages/flask/app.py", line 1953, in full_dispatch_request
    return self.finalize_request(rv)
  File "/usr/lib/python3.9/site-packages/flask/app.py", line 1968, in finalize_request
    response = self.make_response(rv)
  File "/usr/lib/python3.9/site-packages/flask/app.py", line 2097, in make_response
    raise TypeError(
TypeError: The view function did not return a valid response. The function either returned None or ended without a return statement.
Exception on /man_awd_exam_detail [GET]
Traceback (most recent call last):
  File "/usr/lib/python3.9/site-packages/flask/app.py", line 2447, in wsgi_app
    response = self.full_dispatch_request()
  File "/usr/lib/python3.9/site-packages/flask/app.py", line 1953, in full_dispatch_request
    return self.finalize_request(rv)
  File "/usr/lib/python3.9/site-packages/flask/app.py", line 1968, in finalize_request
    response = self.make_response(rv)
  File "/usr/lib/python3.9/site-packages/flask/app.py", line 2097, in make_response
    raise TypeError(
TypeError: The view function did not return a valid response. The function either returned None or ended without a return statement.
Exception on /man_awd_exam_detail [GET]
Traceback (most recent call last):
  File "/usr/lib/python3.9/site-packages/flask/app.py", line 2447, in wsgi_app
    response = self.full_dispatch_request()
  File "/usr/lib/python3.9/site-packages/flask/app.py", line 1953, in full_dispatch_request
    return self.finalize_request(rv)
  File "/usr/lib/python3.9/site-packages/flask/app.py", line 1968, in finalize_request
    response = self.make_response(rv)
  File "/usr/lib/python3.9/site-packages/flask/app.py", line 2097, in make_response
    raise TypeError(
TypeError: The view function did not return a valid response. The function either returned None or ended without a return statement.
Exception on /man_awd_exam_detail [GET]
Traceback (most recent call last):
  File "/usr/lib/python3.9/site-packages/flask/app.py", line 2447, in wsgi_app
    response = self.full_dispatch_request()
  File "/usr/lib/python3.9/site-packages/flask/app.py", line 1953, in full_dispatch_request
    return self.finalize_request(rv)
  File "/usr/lib/python3.9/site-packages/flask/app.py", line 1968, in finalize_request
    response = self.make_response(rv)
  File "/usr/lib/python3.9/site-packages/flask/app.py", line 2097, in make_response
    raise TypeError(
TypeError: The view function did not return a valid response. The function either returned None or ended without a return statement.
Exception on /man_awd_exam_detail [GET]
Traceback (most recent call last):
  File "/usr/lib/python3.9/site-packages/flask/app.py", line 2447, in wsgi_app
    response = self.full_dispatch_request()
  File "/usr/lib/python3.9/site-packages/flask/app.py", line 1953, in full_dispatch_request
    return self.finalize_request(rv)
  File "/usr/lib/python3.9/site-packages/flask/app.py", line 1968, in finalize_request
    response = self.make_response(rv)
  File "/usr/lib/python3.9/site-packages/flask/app.py", line 2097, in make_response
    raise TypeError(
TypeError: The view function did not return a valid response. The function either returned None or ended without a return statement.
Exception on /man_awd_exam_detail [GET]
Traceback (most recent call last):
  File "/usr/lib/python3.9/site-packages/flask/app.py", line 2447, in wsgi_app
    response = self.full_dispatch_request()
  File "/usr/lib/python3.9/site-packages/flask/app.py", line 1953, in full_dispatch_request
    return self.finalize_request(rv)
  File "/usr/lib/python3.9/site-packages/flask/app.py", line 1968, in finalize_request
    response = self.make_response(rv)
  File "/usr/lib/python3.9/site-packages/flask/app.py", line 2097, in make_response
    raise TypeError(
TypeError: The view function did not return a valid response. The function either returned None or ended without a return statement.
Exception on /man_awd_exam_detail [GET]
Traceback (most recent call last):
  File "/usr/lib/python3.9/site-packages/flask/app.py", line 2447, in wsgi_app
    response = self.full_dispatch_request()
  File "/usr/lib/python3.9/site-packages/flask/app.py", line 1953, in full_dispatch_request
    return self.finalize_request(rv)
  File "/usr/lib/python3.9/site-packages/flask/app.py", line 1968, in finalize_request
    response = self.make_response(rv)
  File "/usr/lib/python3.9/site-packages/flask/app.py", line 2097, in make_response
    raise TypeError(
TypeError: The view function did not return a valid response. The function either returned None or ended without a return statement.
Exception on /man_awd_instance_detail [GET]
Traceback (most recent call last):
  File "/usr/lib/python3.9/site-packages/flask/app.py", line 2447, in wsgi_app
    response = self.full_dispatch_request()
  File "/usr/lib/python3.9/site-packages/flask/app.py", line 1953, in full_dispatch_request
    return self.finalize_request(rv)
  File "/usr/lib/python3.9/site-packages/flask/app.py", line 1968, in finalize_request
    response = self.make_response(rv)
  File "/usr/lib/python3.9/site-packages/flask/app.py", line 2097, in make_response
    raise TypeError(
TypeError: The view function did not return a valid response. The function either returned None or ended without a return statement.
Exception on /man_awd_instance_detail [GET]
Traceback (most recent call last):
  File "/usr/lib/python3.9/site-packages/flask/app.py", line 2447, in wsgi_app
    response = self.full_dispatch_request()
  File "/usr/lib/python3.9/site-packages/flask/app.py", line 1953, in full_dispatch_request
    return self.finalize_request(rv)
  File "/usr/lib/python3.9/site-packages/flask/app.py", line 1968, in finalize_request
    response = self.make_response(rv)
  File "/usr/lib/python3.9/site-packages/flask/app.py", line 2097, in make_response
    raise TypeError(
TypeError: The view function did not return a valid response. The function either returned None or ended without a return statement.
Exception on /man_awd_instance_detail [GET]
Traceback (most recent call last):
  File "/usr/lib/python3.9/site-packages/flask/app.py", line 2447, in wsgi_app
    response = self.full_dispatch_request()
  File "/usr/lib/python3.9/site-packages/flask/app.py", line 1953, in full_dispatch_request
    return self.finalize_request(rv)
  File "/usr/lib/python3.9/site-packages/flask/app.py", line 1968, in finalize_request
    response = self.make_response(rv)
  File "/usr/lib/python3.9/site-packages/flask/app.py", line 2097, in make_response
    raise TypeError(
TypeError: The view function did not return a valid response. The function either returned None or ended without a return statement.
Exception on /man_awd_instance_detail [GET]
Traceback (most recent call last):
  File "/usr/lib/python3.9/site-packages/flask/app.py", line 2447, in wsgi_app
    response = self.full_dispatch_request()
  File "/usr/lib/python3.9/site-packages/flask/app.py", line 1953, in full_dispatch_request
    return self.finalize_request(rv)
  File "/usr/lib/python3.9/site-packages/flask/app.py", line 1968, in finalize_request
    response = self.make_response(rv)
  File "/usr/lib/python3.9/site-packages/flask/app.py", line 2097, in make_response
    raise TypeError(
TypeError: The view function did not return a valid response. The function either returned None or ended without a return statement.
Exception on /challenges [GET]
Traceback (most recent call last):
  File "C:\Users\HSM\AppData\Local\Programs\Python\Python39\lib\site-packages\flask\app.py", line 2447, in wsgi_app
    response = self.full_dispatch_request()
  File "C:\Users\HSM\AppData\Local\Programs\Python\Python39\lib\site-packages\flask\app.py", line 1952, in full_dispatch_request
    rv = self.handle_user_exception(e)
  File "C:\Users\HSM\AppData\Local\Programs\Python\Python39\lib\site-packages\flask\app.py", line 1821, in handle_user_exception
    reraise(exc_type, exc_value, tb)
  File "C:\Users\HSM\AppData\Local\Programs\Python\Python39\lib\site-packages\flask\_compat.py", line 39, in reraise
    raise value
  File "C:\Users\HSM\AppData\Local\Programs\Python\Python39\lib\site-packages\flask\app.py", line 1950, in full_dispatch_request
    rv = self.dispatch_request()
  File "C:\Users\HSM\AppData\Local\Programs\Python\Python39\lib\site-packages\flask\app.py", line 1936, in dispatch_request
    return self.view_functions[rule.endpoint](**req.view_args)
  File "C:\Users\HSM\Desktop\PycharmProjects\jjuctf\app.py", line 120, in challenge
    mysql = Mysqld()
  File "C:\Users\HSM\Desktop\PycharmProjects\jjuctf\jjuctf\SqlServer.py", line 16, in __init__
    self.conn = pymysql.connect(server, user, password, config.database)  # ¡¨Ω”µΩjjuctf ˝æ›ø‚
  File "C:\Users\HSM\AppData\Local\Programs\Python\Python39\lib\site-packages\pymysql\__init__.py", line 94, in Connect
    return Connection(*args, **kwargs)
  File "C:\Users\HSM\AppData\Local\Programs\Python\Python39\lib\site-packages\pymysql\connections.py", line 327, in __init__
    self.connect()
  File "C:\Users\HSM\AppData\Local\Programs\Python\Python39\lib\site-packages\pymysql\connections.py", line 588, in connect
    self._request_authentication()
  File "C:\Users\HSM\AppData\Local\Programs\Python\Python39\lib\site-packages\pymysql\connections.py", line 853, in _request_authentication
    auth_packet = self._read_packet()
  File "C:\Users\HSM\AppData\Local\Programs\Python\Python39\lib\site-packages\pymysql\connections.py", line 676, in _read_packet
    packet.raise_for_error()
  File "C:\Users\HSM\AppData\Local\Programs\Python\Python39\lib\site-packages\pymysql\protocol.py", line 223, in raise_for_error
    err.raise_mysql_exception(self._data)
  File "C:\Users\HSM\AppData\Local\Programs\Python\Python39\lib\site-packages\pymysql\err.py", line 107, in raise_mysql_exception
    raise errorclass(errno, errval)
pymysql.err.OperationalError: (1045, "Access denied for user 'HSM'@'localhost' (using password: YES)")
Exception on / [GET]
Traceback (most recent call last):
  File "C:\Users\HSM\AppData\Local\Programs\Python\Python39\lib\site-packages\flask\app.py", line 2447, in wsgi_app
    response = self.full_dispatch_request()
  File "C:\Users\HSM\AppData\Local\Programs\Python\Python39\lib\site-packages\flask\app.py", line 1952, in full_dispatch_request
    rv = self.handle_user_exception(e)
  File "C:\Users\HSM\AppData\Local\Programs\Python\Python39\lib\site-packages\flask\app.py", line 1821, in handle_user_exception
    reraise(exc_type, exc_value, tb)
  File "C:\Users\HSM\AppData\Local\Programs\Python\Python39\lib\site-packages\flask\_compat.py", line 39, in reraise
    raise value
  File "C:\Users\HSM\AppData\Local\Programs\Python\Python39\lib\site-packages\flask\app.py", line 1950, in full_dispatch_request
    rv = self.dispatch_request()
  File "C:\Users\HSM\AppData\Local\Programs\Python\Python39\lib\site-packages\flask\app.py", line 1936, in dispatch_request
    return self.view_functions[rule.endpoint](**req.view_args)
  File "C:\Users\HSM\Desktop\PycharmProjects\jjuctf\app.py", line 181, in index
    mysql = Mysqld()
  File "C:\Users\HSM\Desktop\PycharmProjects\jjuctf\jjuctf\SqlServer.py", line 16, in __init__
    self.conn = pymysql.connect(server, user, password, config.database)  # ¡¨Ω”µΩjjuctf ˝æ›ø‚
  File "C:\Users\HSM\AppData\Local\Programs\Python\Python39\lib\site-packages\pymysql\__init__.py", line 94, in Connect
    return Connection(*args, **kwargs)
  File "C:\Users\HSM\AppData\Local\Programs\Python\Python39\lib\site-packages\pymysql\connections.py", line 327, in __init__
    self.connect()
  File "C:\Users\HSM\AppData\Local\Programs\Python\Python39\lib\site-packages\pymysql\connections.py", line 588, in connect
    self._request_authentication()
  File "C:\Users\HSM\AppData\Local\Programs\Python\Python39\lib\site-packages\pymysql\connections.py", line 853, in _request_authentication
    auth_packet = self._read_packet()
  File "C:\Users\HSM\AppData\Local\Programs\Python\Python39\lib\site-packages\pymysql\connections.py", line 676, in _read_packet
    packet.raise_for_error()
  File "C:\Users\HSM\AppData\Local\Programs\Python\Python39\lib\site-packages\pymysql\protocol.py", line 223, in raise_for_error
    err.raise_mysql_exception(self._data)
  File "C:\Users\HSM\AppData\Local\Programs\Python\Python39\lib\site-packages\pymysql\err.py", line 107, in raise_mysql_exception
    raise errorclass(errno, errval)
pymysql.err.OperationalError: (1045, "Access denied for user 'HSM'@'localhost' (using password: YES)")
Exception on / [GET]
Traceback (most recent call last):
  File "C:\Users\HSM\AppData\Local\Programs\Python\Python39\lib\site-packages\flask\app.py", line 2447, in wsgi_app
    response = self.full_dispatch_request()
  File "C:\Users\HSM\AppData\Local\Programs\Python\Python39\lib\site-packages\flask\app.py", line 1952, in full_dispatch_request
    rv = self.handle_user_exception(e)
  File "C:\Users\HSM\AppData\Local\Programs\Python\Python39\lib\site-packages\flask\app.py", line 1821, in handle_user_exception
    reraise(exc_type, exc_value, tb)
  File "C:\Users\HSM\AppData\Local\Programs\Python\Python39\lib\site-packages\flask\_compat.py", line 39, in reraise
    raise value
  File "C:\Users\HSM\AppData\Local\Programs\Python\Python39\lib\site-packages\flask\app.py", line 1950, in full_dispatch_request
    rv = self.dispatch_request()
  File "C:\Users\HSM\AppData\Local\Programs\Python\Python39\lib\site-packages\flask\app.py", line 1936, in dispatch_request
    return self.view_functions[rule.endpoint](**req.view_args)
  File "C:\Users\HSM\Desktop\PycharmProjects\jjuctf\app.py", line 181, in index
    mysql = Mysqld()
  File "C:\Users\HSM\Desktop\PycharmProjects\jjuctf\jjuctf\SqlServer.py", line 16, in __init__
    self.conn = pymysql.connect(server, user, password, config.database)  # ¡¨Ω”µΩjjuctf ˝æ›ø‚
  File "C:\Users\HSM\AppData\Local\Programs\Python\Python39\lib\site-packages\pymysql\__init__.py", line 94, in Connect
    return Connection(*args, **kwargs)
  File "C:\Users\HSM\AppData\Local\Programs\Python\Python39\lib\site-packages\pymysql\connections.py", line 327, in __init__
    self.connect()
  File "C:\Users\HSM\AppData\Local\Programs\Python\Python39\lib\site-packages\pymysql\connections.py", line 588, in connect
    self._request_authentication()
  File "C:\Users\HSM\AppData\Local\Programs\Python\Python39\lib\site-packages\pymysql\connections.py", line 853, in _request_authentication
    auth_packet = self._read_packet()
  File "C:\Users\HSM\AppData\Local\Programs\Python\Python39\lib\site-packages\pymysql\connections.py", line 676, in _read_packet
    packet.raise_for_error()
  File "C:\Users\HSM\AppData\Local\Programs\Python\Python39\lib\site-packages\pymysql\protocol.py", line 223, in raise_for_error
    err.raise_mysql_exception(self._data)
  File "C:\Users\HSM\AppData\Local\Programs\Python\Python39\lib\site-packages\pymysql\err.py", line 107, in raise_mysql_exception
    raise errorclass(errno, errval)
pymysql.err.OperationalError: (1045, "Access denied for user 'HSM'@'localhost' (using password: YES)")
Exception on / [GET]
Traceback (most recent call last):
  File "C:\Users\HSM\AppData\Local\Programs\Python\Python39\lib\site-packages\flask\app.py", line 2447, in wsgi_app
    response = self.full_dispatch_request()
  File "C:\Users\HSM\AppData\Local\Programs\Python\Python39\lib\site-packages\flask\app.py", line 1952, in full_dispatch_request
    rv = self.handle_user_exception(e)
  File "C:\Users\HSM\AppData\Local\Programs\Python\Python39\lib\site-packages\flask\app.py", line 1821, in handle_user_exception
    reraise(exc_type, exc_value, tb)
  File "C:\Users\HSM\AppData\Local\Programs\Python\Python39\lib\site-packages\flask\_compat.py", line 39, in reraise
    raise value
  File "C:\Users\HSM\AppData\Local\Programs\Python\Python39\lib\site-packages\flask\app.py", line 1950, in full_dispatch_request
    rv = self.dispatch_request()
  File "C:\Users\HSM\AppData\Local\Programs\Python\Python39\lib\site-packages\flask\app.py", line 1936, in dispatch_request
    return self.view_functions[rule.endpoint](**req.view_args)
  File "C:\Users\HSM\Desktop\PycharmProjects\jjuctf\app.py", line 181, in index
    mysql = Mysqld()
  File "C:\Users\HSM\Desktop\PycharmProjects\jjuctf\jjuctf\SqlServer.py", line 16, in __init__
    self.conn = pymysql.connect(server, user, password, config.database)  # ¡¨Ω”µΩjjuctf ˝æ›ø‚
  File "C:\Users\HSM\AppData\Local\Programs\Python\Python39\lib\site-packages\pymysql\__init__.py", line 94, in Connect
    return Connection(*args, **kwargs)
  File "C:\Users\HSM\AppData\Local\Programs\Python\Python39\lib\site-packages\pymysql\connections.py", line 327, in __init__
    self.connect()
  File "C:\Users\HSM\AppData\Local\Programs\Python\Python39\lib\site-packages\pymysql\connections.py", line 588, in connect
    self._request_authentication()
  File "C:\Users\HSM\AppData\Local\Programs\Python\Python39\lib\site-packages\pymysql\connections.py", line 853, in _request_authentication
    auth_packet = self._read_packet()
  File "C:\Users\HSM\AppData\Local\Programs\Python\Python39\lib\site-packages\pymysql\connections.py", line 676, in _read_packet
    packet.raise_for_error()
  File "C:\Users\HSM\AppData\Local\Programs\Python\Python39\lib\site-packages\pymysql\protocol.py", line 223, in raise_for_error
    err.raise_mysql_exception(self._data)
  File "C:\Users\HSM\AppData\Local\Programs\Python\Python39\lib\site-packages\pymysql\err.py", line 107, in raise_mysql_exception
    raise errorclass(errno, errval)
pymysql.err.OperationalError: (1045, "Access denied for user 'HSM'@'localhost' (using password: YES)")
Exception on / [GET]
Traceback (most recent call last):
  File "C:\Users\HSM\AppData\Local\Programs\Python\Python39\lib\site-packages\flask\app.py", line 2447, in wsgi_app
    response = self.full_dispatch_request()
  File "C:\Users\HSM\AppData\Local\Programs\Python\Python39\lib\site-packages\flask\app.py", line 1952, in full_dispatch_request
    rv = self.handle_user_exception(e)
  File "C:\Users\HSM\AppData\Local\Programs\Python\Python39\lib\site-packages\flask\app.py", line 1821, in handle_user_exception
    reraise(exc_type, exc_value, tb)
  File "C:\Users\HSM\AppData\Local\Programs\Python\Python39\lib\site-packages\flask\_compat.py", line 39, in reraise
    raise value
  File "C:\Users\HSM\AppData\Local\Programs\Python\Python39\lib\site-packages\flask\app.py", line 1950, in full_dispatch_request
    rv = self.dispatch_request()
  File "C:\Users\HSM\AppData\Local\Programs\Python\Python39\lib\site-packages\flask\app.py", line 1936, in dispatch_request
    return self.view_functions[rule.endpoint](**req.view_args)
  File "C:\Users\HSM\Desktop\PycharmProjects\jjuctf\app.py", line 181, in index
    mysql = Mysqld()
  File "C:\Users\HSM\Desktop\PycharmProjects\jjuctf\jjuctf\SqlServer.py", line 16, in __init__
    self.conn = pymysql.connect(server, user, password, config.database)  # ¡¨Ω”µΩjjuctf ˝æ›ø‚
  File "C:\Users\HSM\AppData\Local\Programs\Python\Python39\lib\site-packages\pymysql\__init__.py", line 94, in Connect
    return Connection(*args, **kwargs)
  File "C:\Users\HSM\AppData\Local\Programs\Python\Python39\lib\site-packages\pymysql\connections.py", line 327, in __init__
    self.connect()
  File "C:\Users\HSM\AppData\Local\Programs\Python\Python39\lib\site-packages\pymysql\connections.py", line 588, in connect
    self._request_authentication()
  File "C:\Users\HSM\AppData\Local\Programs\Python\Python39\lib\site-packages\pymysql\connections.py", line 853, in _request_authentication
    auth_packet = self._read_packet()
  File "C:\Users\HSM\AppData\Local\Programs\Python\Python39\lib\site-packages\pymysql\connections.py", line 676, in _read_packet
    packet.raise_for_error()
  File "C:\Users\HSM\AppData\Local\Programs\Python\Python39\lib\site-packages\pymysql\protocol.py", line 223, in raise_for_error
    err.raise_mysql_exception(self._data)
  File "C:\Users\HSM\AppData\Local\Programs\Python\Python39\lib\site-packages\pymysql\err.py", line 107, in raise_mysql_exception
    raise errorclass(errno, errval)
pymysql.err.OperationalError: (1045, "Access denied for user 'HSM'@'localhost' (using password: YES)")
Exception on / [GET]
Traceback (most recent call last):
  File "C:\Users\HSM\AppData\Local\Programs\Python\Python39\lib\site-packages\flask\app.py", line 2447, in wsgi_app
    response = self.full_dispatch_request()
  File "C:\Users\HSM\AppData\Local\Programs\Python\Python39\lib\site-packages\flask\app.py", line 1952, in full_dispatch_request
    rv = self.handle_user_exception(e)
  File "C:\Users\HSM\AppData\Local\Programs\Python\Python39\lib\site-packages\flask\app.py", line 1821, in handle_user_exception
    reraise(exc_type, exc_value, tb)
  File "C:\Users\HSM\AppData\Local\Programs\Python\Python39\lib\site-packages\flask\_compat.py", line 39, in reraise
    raise value
  File "C:\Users\HSM\AppData\Local\Programs\Python\Python39\lib\site-packages\flask\app.py", line 1950, in full_dispatch_request
    rv = self.dispatch_request()
  File "C:\Users\HSM\AppData\Local\Programs\Python\Python39\lib\site-packages\flask\app.py", line 1936, in dispatch_request
    return self.view_functions[rule.endpoint](**req.view_args)
  File "C:\Users\HSM\Desktop\PycharmProjects\jjuctf\app.py", line 181, in index
    mysql = Mysqld()
  File "C:\Users\HSM\Desktop\PycharmProjects\jjuctf\jjuctf\SqlServer.py", line 16, in __init__
    self.conn = pymysql.connect(server, user, password, config.database)  # ¡¨Ω”µΩjjuctf ˝æ›ø‚
  File "C:\Users\HSM\AppData\Local\Programs\Python\Python39\lib\site-packages\pymysql\__init__.py", line 94, in Connect
    return Connection(*args, **kwargs)
  File "C:\Users\HSM\AppData\Local\Programs\Python\Python39\lib\site-packages\pymysql\connections.py", line 327, in __init__
    self.connect()
  File "C:\Users\HSM\AppData\Local\Programs\Python\Python39\lib\site-packages\pymysql\connections.py", line 588, in connect
    self._request_authentication()
  File "C:\Users\HSM\AppData\Local\Programs\Python\Python39\lib\site-packages\pymysql\connections.py", line 853, in _request_authentication
    auth_packet = self._read_packet()
  File "C:\Users\HSM\AppData\Local\Programs\Python\Python39\lib\site-packages\pymysql\connections.py", line 676, in _read_packet
    packet.raise_for_error()
  File "C:\Users\HSM\AppData\Local\Programs\Python\Python39\lib\site-packages\pymysql\protocol.py", line 223, in raise_for_error
    err.raise_mysql_exception(self._data)
  File "C:\Users\HSM\AppData\Local\Programs\Python\Python39\lib\site-packages\pymysql\err.py", line 107, in raise_mysql_exception
    raise errorclass(errno, errval)
pymysql.err.OperationalError: (1045, "Access denied for user 'HSM'@'localhost' (using password: YES)")
Exception on / [GET]
Traceback (most recent call last):
  File "C:\Users\HSM\AppData\Local\Programs\Python\Python39\lib\site-packages\flask\app.py", line 2447, in wsgi_app
    response = self.full_dispatch_request()
  File "C:\Users\HSM\AppData\Local\Programs\Python\Python39\lib\site-packages\flask\app.py", line 1952, in full_dispatch_request
    rv = self.handle_user_exception(e)
  File "C:\Users\HSM\AppData\Local\Programs\Python\Python39\lib\site-packages\flask\app.py", line 1821, in handle_user_exception
    reraise(exc_type, exc_value, tb)
  File "C:\Users\HSM\AppData\Local\Programs\Python\Python39\lib\site-packages\flask\_compat.py", line 39, in reraise
    raise value
  File "C:\Users\HSM\AppData\Local\Programs\Python\Python39\lib\site-packages\flask\app.py", line 1950, in full_dispatch_request
    rv = self.dispatch_request()
  File "C:\Users\HSM\AppData\Local\Programs\Python\Python39\lib\site-packages\flask\app.py", line 1936, in dispatch_request
    return self.view_functions[rule.endpoint](**req.view_args)
  File "C:\Users\HSM\Desktop\PycharmProjects\jjuctf\app.py", line 181, in index
    mysql = Mysqld()
  File "C:\Users\HSM\Desktop\PycharmProjects\jjuctf\jjuctf\SqlServer.py", line 16, in __init__
    self.conn = pymysql.connect(server, user, password, config.database)  # ¡¨Ω”µΩjjuctf ˝æ›ø‚
  File "C:\Users\HSM\AppData\Local\Programs\Python\Python39\lib\site-packages\pymysql\__init__.py", line 94, in Connect
    return Connection(*args, **kwargs)
  File "C:\Users\HSM\AppData\Local\Programs\Python\Python39\lib\site-packages\pymysql\connections.py", line 327, in __init__
    self.connect()
  File "C:\Users\HSM\AppData\Local\Programs\Python\Python39\lib\site-packages\pymysql\connections.py", line 588, in connect
    self._request_authentication()
  File "C:\Users\HSM\AppData\Local\Programs\Python\Python39\lib\site-packages\pymysql\connections.py", line 853, in _request_authentication
    auth_packet = self._read_packet()
  File "C:\Users\HSM\AppData\Local\Programs\Python\Python39\lib\site-packages\pymysql\connections.py", line 676, in _read_packet
    packet.raise_for_error()
  File "C:\Users\HSM\AppData\Local\Programs\Python\Python39\lib\site-packages\pymysql\protocol.py", line 223, in raise_for_error
    err.raise_mysql_exception(self._data)
  File "C:\Users\HSM\AppData\Local\Programs\Python\Python39\lib\site-packages\pymysql\err.py", line 107, in raise_mysql_exception
    raise errorclass(errno, errval)
pymysql.err.OperationalError: (1045, "Access denied for user 'HSM'@'localhost' (using password: YES)")
Exception on / [GET]
Traceback (most recent call last):
  File "C:\Users\HSM\AppData\Local\Programs\Python\Python39\lib\site-packages\flask\app.py", line 2447, in wsgi_app
    response = self.full_dispatch_request()
  File "C:\Users\HSM\AppData\Local\Programs\Python\Python39\lib\site-packages\flask\app.py", line 1952, in full_dispatch_request
    rv = self.handle_user_exception(e)
  File "C:\Users\HSM\AppData\Local\Programs\Python\Python39\lib\site-packages\flask\app.py", line 1821, in handle_user_exception
    reraise(exc_type, exc_value, tb)
  File "C:\Users\HSM\AppData\Local\Programs\Python\Python39\lib\site-packages\flask\_compat.py", line 39, in reraise
    raise value
  File "C:\Users\HSM\AppData\Local\Programs\Python\Python39\lib\site-packages\flask\app.py", line 1950, in full_dispatch_request
    rv = self.dispatch_request()
  File "C:\Users\HSM\AppData\Local\Programs\Python\Python39\lib\site-packages\flask\app.py", line 1936, in dispatch_request
    return self.view_functions[rule.endpoint](**req.view_args)
  File "C:\Users\HSM\Desktop\PycharmProjects\jjuctf\app.py", line 181, in index
    mysql = Mysqld()
  File "C:\Users\HSM\Desktop\PycharmProjects\jjuctf\jjuctf\SqlServer.py", line 16, in __init__
    self.conn = pymysql.connect(server, user, password, config.database)  # ¡¨Ω”µΩjjuctf ˝æ›ø‚
  File "C:\Users\HSM\AppData\Local\Programs\Python\Python39\lib\site-packages\pymysql\__init__.py", line 94, in Connect
    return Connection(*args, **kwargs)
  File "C:\Users\HSM\AppData\Local\Programs\Python\Python39\lib\site-packages\pymysql\connections.py", line 327, in __init__
    self.connect()
  File "C:\Users\HSM\AppData\Local\Programs\Python\Python39\lib\site-packages\pymysql\connections.py", line 588, in connect
    self._request_authentication()
  File "C:\Users\HSM\AppData\Local\Programs\Python\Python39\lib\site-packages\pymysql\connections.py", line 853, in _request_authentication
    auth_packet = self._read_packet()
  File "C:\Users\HSM\AppData\Local\Programs\Python\Python39\lib\site-packages\pymysql\connections.py", line 676, in _read_packet
    packet.raise_for_error()
  File "C:\Users\HSM\AppData\Local\Programs\Python\Python39\lib\site-packages\pymysql\protocol.py", line 223, in raise_for_error
    err.raise_mysql_exception(self._data)
  File "C:\Users\HSM\AppData\Local\Programs\Python\Python39\lib\site-packages\pymysql\err.py", line 107, in raise_mysql_exception
    raise errorclass(errno, errval)
pymysql.err.OperationalError: (1045, "Access denied for user 'HSM'@'localhost' (using password: YES)")
Exception on / [GET]
Traceback (most recent call last):
  File "C:\Users\HSM\AppData\Local\Programs\Python\Python39\lib\site-packages\flask\app.py", line 2447, in wsgi_app
    response = self.full_dispatch_request()
  File "C:\Users\HSM\AppData\Local\Programs\Python\Python39\lib\site-packages\flask\app.py", line 1952, in full_dispatch_request
    rv = self.handle_user_exception(e)
  File "C:\Users\HSM\AppData\Local\Programs\Python\Python39\lib\site-packages\flask\app.py", line 1821, in handle_user_exception
    reraise(exc_type, exc_value, tb)
  File "C:\Users\HSM\AppData\Local\Programs\Python\Python39\lib\site-packages\flask\_compat.py", line 39, in reraise
    raise value
  File "C:\Users\HSM\AppData\Local\Programs\Python\Python39\lib\site-packages\flask\app.py", line 1950, in full_dispatch_request
    rv = self.dispatch_request()
  File "C:\Users\HSM\AppData\Local\Programs\Python\Python39\lib\site-packages\flask\app.py", line 1936, in dispatch_request
    return self.view_functions[rule.endpoint](**req.view_args)
  File "C:\Users\HSM\Desktop\PycharmProjects\jjuctf\app.py", line 181, in index
    mysql = Mysqld()
  File "C:\Users\HSM\Desktop\PycharmProjects\jjuctf\jjuctf\SqlServer.py", line 16, in __init__
    self.conn = pymysql.connect(server, user, password, config.database)  # ¡¨Ω”µΩjjuctf ˝æ›ø‚
  File "C:\Users\HSM\AppData\Local\Programs\Python\Python39\lib\site-packages\pymysql\__init__.py", line 94, in Connect
    return Connection(*args, **kwargs)
  File "C:\Users\HSM\AppData\Local\Programs\Python\Python39\lib\site-packages\pymysql\connections.py", line 327, in __init__
    self.connect()
  File "C:\Users\HSM\AppData\Local\Programs\Python\Python39\lib\site-packages\pymysql\connections.py", line 588, in connect
    self._request_authentication()
  File "C:\Users\HSM\AppData\Local\Programs\Python\Python39\lib\site-packages\pymysql\connections.py", line 853, in _request_authentication
    auth_packet = self._read_packet()
  File "C:\Users\HSM\AppData\Local\Programs\Python\Python39\lib\site-packages\pymysql\connections.py", line 676, in _read_packet
    packet.raise_for_error()
  File "C:\Users\HSM\AppData\Local\Programs\Python\Python39\lib\site-packages\pymysql\protocol.py", line 223, in raise_for_error
    err.raise_mysql_exception(self._data)
  File "C:\Users\HSM\AppData\Local\Programs\Python\Python39\lib\site-packages\pymysql\err.py", line 107, in raise_mysql_exception
    raise errorclass(errno, errval)
pymysql.err.OperationalError: (1045, "Access denied for user 'HSM'@'localhost' (using password: YES)")
Exception on / [GET]
Traceback (most recent call last):
  File "C:\Users\HSM\AppData\Local\Programs\Python\Python39\lib\site-packages\flask\app.py", line 2447, in wsgi_app
    response = self.full_dispatch_request()
  File "C:\Users\HSM\AppData\Local\Programs\Python\Python39\lib\site-packages\flask\app.py", line 1952, in full_dispatch_request
    rv = self.handle_user_exception(e)
  File "C:\Users\HSM\AppData\Local\Programs\Python\Python39\lib\site-packages\flask\app.py", line 1821, in handle_user_exception
    reraise(exc_type, exc_value, tb)
  File "C:\Users\HSM\AppData\Local\Programs\Python\Python39\lib\site-packages\flask\_compat.py", line 39, in reraise
    raise value
  File "C:\Users\HSM\AppData\Local\Programs\Python\Python39\lib\site-packages\flask\app.py", line 1950, in full_dispatch_request
    rv = self.dispatch_request()
  File "C:\Users\HSM\AppData\Local\Programs\Python\Python39\lib\site-packages\flask\app.py", line 1936, in dispatch_request
    return self.view_functions[rule.endpoint](**req.view_args)
  File "C:\Users\HSM\Desktop\PycharmProjects\jjuctf\app.py", line 181, in index
    mysql = Mysqld()
  File "C:\Users\HSM\Desktop\PycharmProjects\jjuctf\jjuctf\SqlServer.py", line 16, in __init__
    self.conn = pymysql.connect(server, user, password, config.database)  # ¡¨Ω”µΩjjuctf ˝æ›ø‚
  File "C:\Users\HSM\AppData\Local\Programs\Python\Python39\lib\site-packages\pymysql\__init__.py", line 94, in Connect
    return Connection(*args, **kwargs)
  File "C:\Users\HSM\AppData\Local\Programs\Python\Python39\lib\site-packages\pymysql\connections.py", line 327, in __init__
    self.connect()
  File "C:\Users\HSM\AppData\Local\Programs\Python\Python39\lib\site-packages\pymysql\connections.py", line 588, in connect
    self._request_authentication()
  File "C:\Users\HSM\AppData\Local\Programs\Python\Python39\lib\site-packages\pymysql\connections.py", line 853, in _request_authentication
    auth_packet = self._read_packet()
  File "C:\Users\HSM\AppData\Local\Programs\Python\Python39\lib\site-packages\pymysql\connections.py", line 676, in _read_packet
    packet.raise_for_error()
  File "C:\Users\HSM\AppData\Local\Programs\Python\Python39\lib\site-packages\pymysql\protocol.py", line 223, in raise_for_error
    err.raise_mysql_exception(self._data)
  File "C:\Users\HSM\AppData\Local\Programs\Python\Python39\lib\site-packages\pymysql\err.py", line 107, in raise_mysql_exception
    raise errorclass(errno, errval)
pymysql.err.OperationalError: (1045, "Access denied for user 'HSM'@'localhost' (using password: YES)")
